SF:lib/src/models/exceptions/app_exception.dart
DA:7,4
DA:9,0
DA:10,0
DA:14,4
DA:15,0
LF:5
LH:2
end_of_record
SF:lib/src/models/exceptions/data_exceptions/data_exception.dart
DA:5,3
DA:9,3
DA:10,0
DA:16,3
DA:17,0
DA:23,3
DA:24,0
LF:7
LH:4
end_of_record
SF:lib/src/models/exceptions/domain_exceptions.dart
DA:7,3
DA:9,0
DA:10,0
DA:14,3
DA:15,0
DA:19,3
DA:20,0
LF:7
LH:3
end_of_record
SF:lib/src/models/task_summary.dart
DA:22,4
DA:29,2
DA:30,2
DA:32,4
DA:34,2
DA:35,10
LF:6
LH:6
end_of_record
SF:lib/src/models/task_summary.g.dart
DA:9,2
DA:10,2
DA:14,2
DA:15,2
DA:16,2
DA:17,4
DA:19,2
DA:23,2
DA:24,2
DA:25,2
DA:26,2
DA:27,4
DA:28,2
LF:13
LH:13
end_of_record
SF:lib/src/data/data_sources/task_data_source/local_task_data_source.dart
DA:10,1
DA:12,1
DA:13,3
DA:15,2
DA:17,1
DA:19,1
DA:20,3
DA:21,1
DA:23,1
DA:26,2
DA:27,1
DA:28,4
DA:29,1
DA:32,1
DA:34,1
DA:36,4
DA:38,3
DA:42,4
DA:43,3
DA:45,3
DA:47,1
DA:51,1
DA:52,5
LF:23
LH:23
end_of_record
SF:lib/src/data/data_sources/task_data_source/task_data_source.dart
DA:5,1
LF:1
LH:1
end_of_record
SF:lib/src/data/data_sources/local_storage_data_source.dart
DA:9,1
DA:11,1
DA:13,1
DA:14,2
DA:15,1
DA:21,1
DA:23,2
DA:24,1
DA:25,1
DA:31,1
DA:33,2
DA:34,1
DA:41,4
DA:42,3
DA:43,3
DA:45,1
DA:48,2
DA:49,1
DA:51,0
LF:19
LH:18
end_of_record
SF:lib/src/data/repositories/task_repository.dart
DA:8,1
DA:11,1
DA:13,2
DA:20,1
DA:22,2
DA:29,1
DA:31,2
DA:38,2
DA:39,2
DA:42,3
DA:44,1
LF:11
LH:11
end_of_record
